#
# There is insufficient memory for the Java Runtime Environment to continue.
# Native memory allocation (malloc) failed to allocate 2097152 bytes for AllocateHeap
# Possible reasons:
#   The system is out of physical RAM or swap space
#   The process is running with CompressedOops enabled, and the Java Heap may be blocking the growth of the native heap
# Possible solutions:
#   Reduce memory load on the system
#   Increase physical memory or swap space
#   Check if swap backing store is full
#   Decrease Java heap size (-Xmx/-Xms)
#   Decrease number of Java threads
#   Decrease Java thread stack sizes (-Xss)
#   Set larger code cache with -XX:ReservedCodeCacheSize=
#   JVM is running with Unscaled Compressed Oops mode in which the Java heap is
#     placed in the first 4GB address space. The Java Heap base address is the
#     maximum limit for the native heap growth. Please use -XX:HeapBaseMinAddress
#     to set the Java Heap base and to place the Java Heap above 4GB virtual address.
# This output file may be truncated or incomplete.
#
#  Out of Memory Error (allocation.cpp:44), pid=13212, tid=26004
#
# JRE version: OpenJDK Runtime Environment Temurin-17.0.10+7 (17.0.10+7) (build 17.0.10+7)
# Java VM: OpenJDK 64-Bit Server VM Temurin-17.0.10+7 (17.0.10+7, mixed mode, emulated-client, tiered, compressed oops, compressed class ptrs, g1 gc, windows-amd64)
# No core dump will be written. Minidumps are not enabled by default on client versions of Windows
#

---------------  S U M M A R Y ------------

Command Line: -XX:+HeapDumpOnOutOfMemoryError -Xmx1024m -Dsts.lsp.client=vscode -Dsts.log.file=/dev/null -XX:TieredStopAtLevel=1 -Xlog:jni+resolve=off -Dspring.config.location=file:c:\Users\tranv\.vscode\extensions\vmware.vscode-spring-boot-1.53.0\language-server\BOOT-INF\classes\application.properties org.springframework.ide.vscode.boot.app.BootLanguageServerBootApp

Host: 13th Gen Intel(R) Core(TM) i7-13650HX, 20 cores, 7G,  Windows 11 , 64 bit Build 22621 (10.0.22621.3085)
Time: Mon Mar 11 22:00:35 2024 SE Asia Standard Time elapsed time: 51.858879 seconds (0d 0h 0m 51s)

---------------  T H R E A D  ---------------

Current thread (0x0000020580fbcce0):  VMThread "VM Thread" [stack: 0x000000684ea00000,0x000000684eb00000] [id=26004]

Stack: [0x000000684ea00000,0x000000684eb00000]
Native frames: (J=compiled Java code, j=interpreted, Vv=VM code, C=native code)
V  [jvm.dll+0x67d2c9]
V  [jvm.dll+0x834afa]
V  [jvm.dll+0x8365be]
V  [jvm.dll+0x836c23]
V  [jvm.dll+0x2477ff]
V  [jvm.dll+0xa6c93]
V  [jvm.dll+0x2f86f1]
V  [jvm.dll+0x2f42e0]
V  [jvm.dll+0x2dc8c7]
V  [jvm.dll+0x31fb87]
V  [jvm.dll+0x83b11b]
V  [jvm.dll+0x83be61]
V  [jvm.dll+0x83c37d]
V  [jvm.dll+0x83c754]
V  [jvm.dll+0x83c820]
V  [jvm.dll+0x7e3fba]
V  [jvm.dll+0x67c1b5]
C  [ucrtbase.dll+0x29363]
C  [KERNEL32.DLL+0x1257d]
C  [ntdll.dll+0x5aa58]

VM_Operation (0x0000006850cfed40): G1CollectFull, mode: safepoint, requested by thread 0x0000020585bfa010


---------------  P R O C E S S  ---------------

Threads class SMR info:
_java_thread_list=0x00000205873f0bf0, length=40, elements={
0x0000020580fd5380, 0x0000020580fd6110, 0x0000020585022a40, 0x00000205850237d0,
0x00000205850270c0, 0x0000020585027990, 0x000002058502a320, 0x000002058502d250,
0x0000020585257880, 0x000002058525a5d0, 0x00000205869cecb0, 0x0000020585bfa010,
0x0000020585b3d060, 0x00000205f52293a0, 0x0000020585cc9110, 0x0000020585adb690,
0x0000020585af5110, 0x0000020585af8170, 0x0000020585afbd40, 0x0000020585af94c0,
0x0000020585afc250, 0x0000020585af8aa0, 0x0000020585af9ee0, 0x0000020585afa3f0,
0x0000020585af8fb0, 0x0000020585afa900, 0x0000020585afae10, 0x0000020585afb320,
0x0000020585afb830, 0x0000020585af99d0, 0x0000020586b9e100, 0x0000020586ba3200,
0x0000020586ba0470, 0x0000020586ba3710, 0x0000020586b9dbf0, 0x0000020586b9f540,
0x0000020586b9c7b0, 0x0000020586ba13a0, 0x0000020586b9fa50, 0x0000020586b9e610
}

Java Threads: ( => current thread )
  0x0000020580fd5380 JavaThread "Reference Handler" daemon [_thread_blocked, id=18492, stack(0x000000684eb00000,0x000000684ec00000)]
  0x0000020580fd6110 JavaThread "Finalizer" daemon [_thread_blocked, id=25996, stack(0x000000684ec00000,0x000000684ed00000)]
  0x0000020585022a40 JavaThread "Signal Dispatcher" daemon [_thread_blocked, id=23324, stack(0x000000684ed00000,0x000000684ee00000)]
  0x00000205850237d0 JavaThread "Attach Listener" daemon [_thread_blocked, id=29200, stack(0x000000684ee00000,0x000000684ef00000)]
  0x00000205850270c0 JavaThread "Service Thread" daemon [_thread_blocked, id=7892, stack(0x000000684ef00000,0x000000684f000000)]
  0x0000020585027990 JavaThread "Monitor Deflation Thread" daemon [_thread_blocked, id=6576, stack(0x000000684f000000,0x000000684f100000)]
  0x000002058502a320 JavaThread "C1 CompilerThread0" daemon [_thread_blocked, id=17948, stack(0x000000684f100000,0x000000684f200000)]
  0x000002058502d250 JavaThread "Sweeper thread" daemon [_thread_blocked, id=12124, stack(0x000000684f200000,0x000000684f300000)]
  0x0000020585257880 JavaThread "Notification Thread" daemon [_thread_blocked, id=19260, stack(0x000000684f400000,0x000000684f500000)]
  0x000002058525a5d0 JavaThread "Common-Cleaner" daemon [_thread_blocked, id=28740, stack(0x000000684f600000,0x000000684f700000)]
  0x00000205869cecb0 JavaThread "boundedElastic-evictor-1" daemon [_thread_blocked, id=7256, stack(0x000000684fe00000,0x000000684ff00000)]
  0x0000020585bfa010 JavaThread "pool-13-thread-1" [_thread_blocked, id=18348, stack(0x0000006850c00000,0x0000006850d00000)]
  0x0000020585b3d060 JavaThread "LanguageServerApp-lifecycle" [_thread_blocked, id=19708, stack(0x0000006850d00000,0x0000006850e00000)]
  0x00000205f52293a0 JavaThread "DestroyJavaVM" [_thread_blocked, id=24296, stack(0x000000684e400000,0x000000684e500000)]
  0x0000020585cc9110 JavaThread "pool-14-thread-1" [_thread_in_native, id=18980, stack(0x0000006850e00000,0x0000006850f00000)]
  0x0000020585adb690 JavaThread "Simple-Language-Server main thread" daemon [_thread_blocked, id=18408, stack(0x0000006850f00000,0x0000006851000000)]
  0x0000020585af5110 JavaThread "pool-3-thread-1" [_thread_blocked, id=18724, stack(0x0000006851000000,0x0000006851100000)]
  0x0000020585af8170 JavaThread "pool-3-thread-2" [_thread_blocked, id=16044, stack(0x0000006851100000,0x0000006851200000)]
  0x0000020585afbd40 JavaThread "pool-3-thread-3" [_thread_blocked, id=25296, stack(0x0000006851200000,0x0000006851300000)]
  0x0000020585af94c0 JavaThread "pool-3-thread-4" [_thread_blocked, id=19784, stack(0x0000006851300000,0x0000006851400000)]
  0x0000020585afc250 JavaThread "pool-8-thread-1" [_thread_blocked, id=2576, stack(0x0000006851400000,0x0000006851500000)]
  0x0000020585af8aa0 JavaThread "parallel-1" daemon [_thread_blocked, id=22272, stack(0x0000006851500000,0x0000006851600000)]
  0x0000020585af9ee0 JavaThread "pool-6-thread-1" [_thread_blocked, id=29416, stack(0x0000006851600000,0x0000006851700000)]
  0x0000020585afa3f0 JavaThread "parallel-2" daemon [_thread_blocked, id=7804, stack(0x0000006851700000,0x0000006851800000)]
  0x0000020585af8fb0 JavaThread "parallel-3" daemon [_thread_blocked, id=13296, stack(0x0000006851800000,0x0000006851900000)]
  0x0000020585afa900 JavaThread "pool-5-thread-1" [_thread_blocked, id=17152, stack(0x0000006851900000,0x0000006851a00000)]
  0x0000020585afae10 JavaThread "ForkJoinPool.commonPool-worker-1" daemon [_thread_blocked, id=26064, stack(0x0000006851a00000,0x0000006851b00000)]
  0x0000020585afb320 JavaThread "pool-5-thread-2" [_thread_blocked, id=10720, stack(0x0000006851b00000,0x0000006851c00000)]
  0x0000020585afb830 JavaThread "pool-5-thread-3" [_thread_blocked, id=26572, stack(0x0000006851c00000,0x0000006851d00000)]
  0x0000020585af99d0 JavaThread "pool-4-thread-1" [_thread_blocked, id=18232, stack(0x0000006851d00000,0x0000006851e00000)]
  0x0000020586b9e100 JavaThread "parallel-4" daemon [_thread_blocked, id=9632, stack(0x0000006851e00000,0x0000006851f00000)]
  0x0000020586ba3200 JavaThread "parallel-5" daemon [_thread_blocked, id=13112, stack(0x0000006851f00000,0x0000006852000000)]
  0x0000020586ba0470 JavaThread "Reconciler-1" daemon [_thread_blocked, id=13928, stack(0x0000006852000000,0x0000006852100000)]
  0x0000020586ba3710 JavaThread "OkHttp api.spring.io" daemon [_thread_in_native, id=20252, stack(0x0000006852300000,0x0000006852400000)]
  0x0000020586b9dbf0 JavaThread "OkHttp api.spring.io" daemon [_thread_in_native, id=26588, stack(0x0000006852400000,0x0000006852500000)]
  0x0000020586b9f540 JavaThread "Okio Watchdog" daemon [_thread_blocked, id=10980, stack(0x0000006852500000,0x0000006852600000)]
  0x0000020586b9c7b0 JavaThread "OkHttp api.spring.io" daemon [_thread_in_native, id=19188, stack(0x0000006852600000,0x0000006852700000)]
  0x0000020586ba13a0 JavaThread "OkHttp TaskRunner" daemon [_thread_blocked, id=5352, stack(0x0000006852700000,0x0000006852800000)]
  0x0000020586b9fa50 JavaThread "OkHttp TaskRunner" daemon [_thread_blocked, id=19264, stack(0x0000006852800000,0x0000006852900000)]
  0x0000020586b9e610 JavaThread "OkHttp TaskRunner" daemon [_thread_blocked, id=17752, stack(0x0000006852900000,0x0000006852a00000)]

Other Threads:
=>0x0000020580fbcce0 VMThread "VM Thread" [stack: 0x000000684ea00000,0x000000684eb00000] [id=26004]
  0x0000020585257d60 WatcherThread [stack: 0x000000684f500000,0x000000684f600000] [id=31416]
  0x00000205f52681c0 GCTaskThread "GC Thread#0" [stack: 0x000000684e500000,0x000000684e600000] [id=10472]
  0x0000020585f75320 GCTaskThread "GC Thread#1" [stack: 0x000000684f700000,0x000000684f800000] [id=18964]
  0x0000020585fc7170 GCTaskThread "GC Thread#2" [stack: 0x000000684f800000,0x000000684f900000] [id=32400]
  0x0000020585fc7430 GCTaskThread "GC Thread#3" [stack: 0x000000684f900000,0x000000684fa00000] [id=25408]
  0x000002058607d050 GCTaskThread "GC Thread#4" [stack: 0x000000684fa00000,0x000000684fb00000] [id=13068]
  0x000002058607d310 GCTaskThread "GC Thread#5" [stack: 0x000000684fb00000,0x000000684fc00000] [id=18204]
  0x00000205864812e0 GCTaskThread "GC Thread#6" [stack: 0x0000006850000000,0x0000006850100000] [id=17076]
  0x00000205862b4620 GCTaskThread "GC Thread#7" [stack: 0x0000006850100000,0x0000006850200000] [id=12408]
  0x0000020586314610 GCTaskThread "GC Thread#8" [stack: 0x0000006850200000,0x0000006850300000] [id=12240]
  0x0000020586410c50 GCTaskThread "GC Thread#9" [stack: 0x0000006850300000,0x0000006850400000] [id=23672]
  0x00000205863a2420 GCTaskThread "GC Thread#10" [stack: 0x0000006850400000,0x0000006850500000] [id=13660]
  0x00000205864be960 GCTaskThread "GC Thread#11" [stack: 0x0000006850500000,0x0000006850600000] [id=29732]
  0x00000205864bf1a0 GCTaskThread "GC Thread#12" [stack: 0x0000006850900000,0x0000006850a00000] [id=12088]
  0x00000205864bf460 GCTaskThread "GC Thread#13" [stack: 0x0000006850a00000,0x0000006850b00000] [id=2292]
  0x00000205864be3e0 GCTaskThread "GC Thread#14" [stack: 0x0000006850b00000,0x0000006850c00000] [id=10404]
  0x00000205f5271020 ConcurrentGCThread "G1 Main Marker" [stack: 0x000000684e600000,0x000000684e700000] [id=11096]
  0x00000205f5271950 ConcurrentGCThread "G1 Conc#0" [stack: 0x000000684e700000,0x000000684e800000] [id=27992]
  0x00000205864be120 ConcurrentGCThread "G1 Conc#1" [stack: 0x0000006850600000,0x0000006850700000] [id=22824]
  0x00000205864bec20 ConcurrentGCThread "G1 Conc#2" [stack: 0x0000006850700000,0x0000006850800000] [id=10104]
  0x00000205864beee0 ConcurrentGCThread "G1 Conc#3" [stack: 0x0000006850800000,0x0000006850900000] [id=9468]
  0x0000020580e22110 ConcurrentGCThread "G1 Refine#0" [stack: 0x000000684e800000,0x000000684e900000] [id=27080]
  0x00000205f52ceb50 ConcurrentGCThread "G1 Service" [stack: 0x000000684e900000,0x000000684ea00000] [id=23648]

Threads with active compile tasks:

VM state: at safepoint (normal execution)

VM Mutex/Monitor currently owned by a thread:  ([mutex/lock_event])
[0x00000205f2f064e0] Threads_lock - owner thread: 0x0000020580fbcce0
[0x00000205f2f000d0] Heap_lock - owner thread: 0x0000020585bfa010

Heap address: 0x00000000c0000000, size: 1024 MB, Compressed Oops mode: 32-bit

CDS archive(s) not mapped
Compressed class space mapped at: 0x0000000100000000-0x0000000140000000, reserved size: 1073741824
Narrow klass base: 0x0000000000000000, Narrow klass shift: 3, Narrow klass range: 0x140000000

GC Precious Log:
 CPUs: 20 total, 20 available
 Memory: 7876M
 Large Page Support: Disabled
 NUMA Support: Disabled
 Compressed Oops: Enabled (32-bit)
 Heap Region Size: 1M
 Heap Min Capacity: 8M
 Heap Initial Capacity: 124M
 Heap Max Capacity: 1G
 Pre-touch: Disabled
 Parallel Workers: 15
 Concurrent Workers: 4
 Concurrent Refinement Workers: 15
 Periodic GC: Disabled

Heap:
 garbage-first heap   total 105472K, used 46641K [0x00000000c0000000, 0x0000000100000000)
  region size 1024K, 5 young (5120K), 2 survivors (2048K)
 Metaspace       used 57719K, committed 58176K, reserved 1114112K
  class space    used 7139K, committed 7360K, reserved 1048576K

Heap Regions: E=young(eden), S=young(survivor), O=old, HS=humongous(starts), HC=humongous(continues), CS=collection set, F=free, OA=open archive, CA=closed archive, TAMS=top-at-mark-start (previous, next)
|   0|0x00000000c0000000, 0x00000000c0100000, 0x00000000c0100000|100%|HS|  |TAMS 0x00000000c0100000, 0x00000000c0000000| Complete 
|   1|0x00000000c0100000, 0x00000000c0200000, 0x00000000c0200000|100%|HC|  |TAMS 0x00000000c0200000, 0x00000000c0100000| Complete 
|   2|0x00000000c0200000, 0x00000000c0300000, 0x00000000c0300000|100%|HC|  |TAMS 0x00000000c0300000, 0x00000000c0200000| Complete 
|   3|0x00000000c0300000, 0x00000000c0400000, 0x00000000c0400000|100%|HC|  |TAMS 0x00000000c0400000, 0x00000000c0300000| Complete 
|   4|0x00000000c0400000, 0x00000000c0500000, 0x00000000c0500000|100%|HS|  |TAMS 0x00000000c0500000, 0x00000000c0400000| Complete 
|   5|0x00000000c0500000, 0x00000000c0600000, 0x00000000c0600000|100%|HC|  |TAMS 0x00000000c0600000, 0x00000000c0500000| Complete 
|   6|0x00000000c0600000, 0x00000000c0700000, 0x00000000c0700000|100%| O|  |TAMS 0x00000000c0700000, 0x00000000c0600000| Untracked 
|   7|0x00000000c0700000, 0x00000000c0800000, 0x00000000c0800000|100%| O|  |TAMS 0x00000000c0800000, 0x00000000c0700000| Untracked 
|   8|0x00000000c0800000, 0x00000000c0900000, 0x00000000c0900000|100%| O|  |TAMS 0x00000000c0900000, 0x00000000c0800000| Untracked 
|   9|0x00000000c0900000, 0x00000000c0a00000, 0x00000000c0a00000|100%| O|  |TAMS 0x00000000c0a00000, 0x00000000c0900000| Untracked 
|  10|0x00000000c0a00000, 0x00000000c0b00000, 0x00000000c0b00000|100%| O|  |TAMS 0x00000000c0b00000, 0x00000000c0a00000| Untracked 
|  11|0x00000000c0b00000, 0x00000000c0c00000, 0x00000000c0c00000|100%| O|  |TAMS 0x00000000c0c00000, 0x00000000c0b00000| Untracked 
|  12|0x00000000c0c00000, 0x00000000c0d00000, 0x00000000c0d00000|100%| O|  |TAMS 0x00000000c0d00000, 0x00000000c0c00000| Untracked 
|  13|0x00000000c0d00000, 0x00000000c0e00000, 0x00000000c0e00000|100%| O|  |TAMS 0x00000000c0e00000, 0x00000000c0d00000| Untracked 
|  14|0x00000000c0e00000, 0x00000000c0f00000, 0x00000000c0f00000|100%| O|  |TAMS 0x00000000c0f00000, 0x00000000c0e00000| Untracked 
|  15|0x00000000c0f00000, 0x00000000c0f89400, 0x00000000c1000000| 53%| O|  |TAMS 0x00000000c0f89400, 0x00000000c0f00000| Complete 
|  16|0x00000000c1000000, 0x00000000c1100000, 0x00000000c1100000|100%| O|  |TAMS 0x00000000c1100000, 0x00000000c1000000| Untracked 
|  17|0x00000000c1100000, 0x00000000c1200000, 0x00000000c1200000|100%| O|  |TAMS 0x00000000c1200000, 0x00000000c1100000| Untracked 
|  18|0x00000000c1200000, 0x00000000c1300000, 0x00000000c1300000|100%| O|  |TAMS 0x00000000c1300000, 0x00000000c1200000| Untracked 
|  19|0x00000000c1300000, 0x00000000c1400000, 0x00000000c1400000|100%| O|  |TAMS 0x00000000c1400000, 0x00000000c1300000| Untracked 
|  20|0x00000000c1400000, 0x00000000c1500000, 0x00000000c1500000|100%| O|  |TAMS 0x00000000c1500000, 0x00000000c1400000| Untracked 
|  21|0x00000000c1500000, 0x00000000c1600000, 0x00000000c1600000|100%| O|  |TAMS 0x00000000c1600000, 0x00000000c1500000| Untracked 
|  22|0x00000000c1600000, 0x00000000c1700000, 0x00000000c1700000|100%| O|  |TAMS 0x00000000c1700000, 0x00000000c1600000| Untracked 
|  23|0x00000000c1700000, 0x00000000c1800000, 0x00000000c1800000|100%| O|  |TAMS 0x00000000c1800000, 0x00000000c1700000| Untracked 
|  24|0x00000000c1800000, 0x00000000c1900000, 0x00000000c1900000|100%| O|  |TAMS 0x00000000c1900000, 0x00000000c1800000| Untracked 
|  25|0x00000000c1900000, 0x00000000c1a00000, 0x00000000c1a00000|100%| O|  |TAMS 0x00000000c1a00000, 0x00000000c1900000| Untracked 
|  26|0x00000000c1a00000, 0x00000000c1b00000, 0x00000000c1b00000|100%| O|  |TAMS 0x00000000c1b00000, 0x00000000c1a00000| Untracked 
|  27|0x00000000c1b00000, 0x00000000c1c00000, 0x00000000c1c00000|100%| O|  |TAMS 0x00000000c1c00000, 0x00000000c1b00000| Untracked 
|  28|0x00000000c1c00000, 0x00000000c1d00000, 0x00000000c1d00000|100%| O|  |TAMS 0x00000000c1d00000, 0x00000000c1c00000| Untracked 
|  29|0x00000000c1d00000, 0x00000000c1e00000, 0x00000000c1e00000|100%| O|  |TAMS 0x00000000c1e00000, 0x00000000c1d00000| Untracked 
|  30|0x00000000c1e00000, 0x00000000c1f00000, 0x00000000c1f00000|100%| O|  |TAMS 0x00000000c1f00000, 0x00000000c1e00000| Untracked 
|  31|0x00000000c1f00000, 0x00000000c2000000, 0x00000000c2000000|100%|HS|  |TAMS 0x00000000c2000000, 0x00000000c1f00000| Complete 
|  32|0x00000000c2000000, 0x00000000c2100000, 0x00000000c2100000|100%| O|  |TAMS 0x00000000c2100000, 0x00000000c2000000| Untracked 
|  33|0x00000000c2100000, 0x00000000c2200000, 0x00000000c2200000|100%| O|  |TAMS 0x00000000c2200000, 0x00000000c2100000| Untracked 
|  34|0x00000000c2200000, 0x00000000c2300000, 0x00000000c2300000|100%| O|  |TAMS 0x00000000c2300000, 0x00000000c2200000| Untracked 
|  35|0x00000000c2300000, 0x00000000c2400000, 0x00000000c2400000|100%| O|  |TAMS 0x00000000c2400000, 0x00000000c2300000| Untracked 
|  36|0x00000000c2400000, 0x00000000c2500000, 0x00000000c2500000|100%| O|  |TAMS 0x00000000c2500000, 0x00000000c2400000| Untracked 
|  37|0x00000000c2500000, 0x00000000c2600000, 0x00000000c2600000|100%| O|  |TAMS 0x00000000c2600000, 0x00000000c2500000| Untracked 
|  38|0x00000000c2600000, 0x00000000c2700000, 0x00000000c2700000|100%| O|  |TAMS 0x00000000c2700000, 0x00000000c2600000| Untracked 
|  39|0x00000000c2700000, 0x00000000c2800000, 0x00000000c2800000|100%| O|  |TAMS 0x00000000c2800000, 0x00000000c2700000| Untracked 
|  40|0x00000000c2800000, 0x00000000c2900000, 0x00000000c2900000|100%| O|  |TAMS 0x00000000c28cc400, 0x00000000c2800000| Untracked 
|  41|0x00000000c2900000, 0x00000000c2a00000, 0x00000000c2a00000|100%| O|  |TAMS 0x00000000c2900000, 0x00000000c2900000| Untracked 
|  42|0x00000000c2a00000, 0x00000000c2a8b800, 0x00000000c2b00000| 54%| O|  |TAMS 0x00000000c2a00000, 0x00000000c2a00000| Untracked 
|  43|0x00000000c2b00000, 0x00000000c2b00000, 0x00000000c2c00000|  0%| F|  |TAMS 0x00000000c2b00000, 0x00000000c2b00000| Untracked 
|  44|0x00000000c2c00000, 0x00000000c2c00000, 0x00000000c2d00000|  0%| F|  |TAMS 0x00000000c2c00000, 0x00000000c2c00000| Untracked 
|  45|0x00000000c2d00000, 0x00000000c2d00000, 0x00000000c2e00000|  0%| F|  |TAMS 0x00000000c2d00000, 0x00000000c2d00000| Untracked 
|  46|0x00000000c2e00000, 0x00000000c2e00000, 0x00000000c2f00000|  0%| F|  |TAMS 0x00000000c2e00000, 0x00000000c2e00000| Untracked 
|  47|0x00000000c2f00000, 0x00000000c2f00000, 0x00000000c3000000|  0%| F|  |TAMS 0x00000000c2f00000, 0x00000000c2f00000| Untracked 
|  48|0x00000000c3000000, 0x00000000c3000000, 0x00000000c3100000|  0%| F|  |TAMS 0x00000000c3000000, 0x00000000c3000000| Untracked 
|  49|0x00000000c3100000, 0x00000000c3100000, 0x00000000c3200000|  0%| F|  |TAMS 0x00000000c3100000, 0x00000000c3100000| Untracked 
|  50|0x00000000c3200000, 0x00000000c3200000, 0x00000000c3300000|  0%| F|  |TAMS 0x00000000c3200000, 0x00000000c3200000| Untracked 
|  51|0x00000000c3300000, 0x00000000c3300000, 0x00000000c3400000|  0%| F|  |TAMS 0x00000000c3300000, 0x00000000c3300000| Untracked 
|  52|0x00000000c3400000, 0x00000000c3400000, 0x00000000c3500000|  0%| F|  |TAMS 0x00000000c3400000, 0x00000000c3400000| Untracked 
|  53|0x00000000c3500000, 0x00000000c3500000, 0x00000000c3600000|  0%| F|  |TAMS 0x00000000c3500000, 0x00000000c3500000| Untracked 
|  54|0x00000000c3600000, 0x00000000c3600000, 0x00000000c3700000|  0%| F|  |TAMS 0x00000000c3600000, 0x00000000c3600000| Untracked 
|  55|0x00000000c3700000, 0x00000000c3700000, 0x00000000c3800000|  0%| F|  |TAMS 0x00000000c3700000, 0x00000000c3700000| Untracked 
|  56|0x00000000c3800000, 0x00000000c38779e0, 0x00000000c3900000| 46%| S|CS|TAMS 0x00000000c3800000, 0x00000000c3800000| Complete 
|  57|0x00000000c3900000, 0x00000000c3a00000, 0x00000000c3a00000|100%| S|CS|TAMS 0x00000000c3900000, 0x00000000c3900000| Complete 
|  58|0x00000000c3a00000, 0x00000000c3a00000, 0x00000000c3b00000|  0%| F|  |TAMS 0x00000000c3a00000, 0x00000000c3a00000| Untracked 
|  59|0x00000000c3b00000, 0x00000000c3b00000, 0x00000000c3c00000|  0%| F|  |TAMS 0x00000000c3b00000, 0x00000000c3b00000| Untracked 
|  60|0x00000000c3c00000, 0x00000000c3c00000, 0x00000000c3d00000|  0%| F|  |TAMS 0x00000000c3c00000, 0x00000000c3c00000| Untracked 
|  61|0x00000000c3d00000, 0x00000000c3d00000, 0x00000000c3e00000|  0%| F|  |TAMS 0x00000000c3d00000, 0x00000000c3d00000| Untracked 
|  62|0x00000000c3e00000, 0x00000000c3e00000, 0x00000000c3f00000|  0%| F|  |TAMS 0x00000000c3e00000, 0x00000000c3e00000| Untracked 
|  63|0x00000000c3f00000, 0x00000000c3f00000, 0x00000000c4000000|  0%| F|  |TAMS 0x00000000c3f00000, 0x00000000c3f00000| Untracked 
|  64|0x00000000c4000000, 0x00000000c4000000, 0x00000000c4100000|  0%| F|  |TAMS 0x00000000c4000000, 0x00000000c4000000| Untracked 
|  65|0x00000000c4100000, 0x00000000c4100000, 0x00000000c4200000|  0%| F|  |TAMS 0x00000000c4100000, 0x00000000c4100000| Untracked 
|  66|0x00000000c4200000, 0x00000000c4200000, 0x00000000c4300000|  0%| F|  |TAMS 0x00000000c4200000, 0x00000000c4200000| Untracked 
|  67|0x00000000c4300000, 0x00000000c4300000, 0x00000000c4400000|  0%| F|  |TAMS 0x00000000c4300000, 0x00000000c4300000| Untracked 
|  68|0x00000000c4400000, 0x00000000c4400000, 0x00000000c4500000|  0%| F|  |TAMS 0x00000000c4400000, 0x00000000c4400000| Untracked 
|  69|0x00000000c4500000, 0x00000000c4500000, 0x00000000c4600000|  0%| F|  |TAMS 0x00000000c4500000, 0x00000000c4500000| Untracked 
|  70|0x00000000c4600000, 0x00000000c4600000, 0x00000000c4700000|  0%| F|  |TAMS 0x00000000c4600000, 0x00000000c4600000| Untracked 
|  71|0x00000000c4700000, 0x00000000c4700000, 0x00000000c4800000|  0%| F|  |TAMS 0x00000000c4700000, 0x00000000c4700000| Untracked 
|  72|0x00000000c4800000, 0x00000000c4800000, 0x00000000c4900000|  0%| F|  |TAMS 0x00000000c4800000, 0x00000000c4800000| Untracked 
|  73|0x00000000c4900000, 0x00000000c4900000, 0x00000000c4a00000|  0%| F|  |TAMS 0x00000000c4900000, 0x00000000c4900000| Untracked 
|  74|0x00000000c4a00000, 0x00000000c4a00000, 0x00000000c4b00000|  0%| F|  |TAMS 0x00000000c4a00000, 0x00000000c4a00000| Untracked 
|  75|0x00000000c4b00000, 0x00000000c4b00000, 0x00000000c4c00000|  0%| F|  |TAMS 0x00000000c4b00000, 0x00000000c4b00000| Untracked 
|  76|0x00000000c4c00000, 0x00000000c4c00000, 0x00000000c4d00000|  0%| F|  |TAMS 0x00000000c4c00000, 0x00000000c4c00000| Untracked 
|  77|0x00000000c4d00000, 0x00000000c4d00000, 0x00000000c4e00000|  0%| F|  |TAMS 0x00000000c4d00000, 0x00000000c4d00000| Untracked 
|  78|0x00000000c4e00000, 0x00000000c4e00000, 0x00000000c4f00000|  0%| F|  |TAMS 0x00000000c4e00000, 0x00000000c4e00000| Untracked 
|  79|0x00000000c4f00000, 0x00000000c4f00000, 0x00000000c5000000|  0%| F|  |TAMS 0x00000000c4f00000, 0x00000000c4f00000| Untracked 
|  80|0x00000000c5000000, 0x00000000c5000000, 0x00000000c5100000|  0%| F|  |TAMS 0x00000000c5000000, 0x00000000c5000000| Untracked 
|  81|0x00000000c5100000, 0x00000000c5100000, 0x00000000c5200000|  0%| F|  |TAMS 0x00000000c5100000, 0x00000000c5100000| Untracked 
|  82|0x00000000c5200000, 0x00000000c5200000, 0x00000000c5300000|  0%| F|  |TAMS 0x00000000c5200000, 0x00000000c5200000| Untracked 
|  83|0x00000000c5300000, 0x00000000c5300000, 0x00000000c5400000|  0%| F|  |TAMS 0x00000000c5300000, 0x00000000c5300000| Untracked 
|  84|0x00000000c5400000, 0x00000000c5400000, 0x00000000c5500000|  0%| F|  |TAMS 0x00000000c5400000, 0x00000000c5400000| Untracked 
|  85|0x00000000c5500000, 0x00000000c5500000, 0x00000000c5600000|  0%| F|  |TAMS 0x00000000c5500000, 0x00000000c5500000| Untracked 
|  86|0x00000000c5600000, 0x00000000c5600000, 0x00000000c5700000|  0%| F|  |TAMS 0x00000000c5600000, 0x00000000c5600000| Untracked 
|  87|0x00000000c5700000, 0x00000000c5700000, 0x00000000c5800000|  0%| F|  |TAMS 0x00000000c5700000, 0x00000000c5700000| Untracked 
|  88|0x00000000c5800000, 0x00000000c5800000, 0x00000000c5900000|  0%| F|  |TAMS 0x00000000c5800000, 0x00000000c5800000| Untracked 
|  89|0x00000000c5900000, 0x00000000c5900000, 0x00000000c5a00000|  0%| F|  |TAMS 0x00000000c5900000, 0x00000000c5900000| Untracked 
|  90|0x00000000c5a00000, 0x00000000c5a00000, 0x00000000c5b00000|  0%| F|  |TAMS 0x00000000c5a00000, 0x00000000c5a00000| Untracked 
|  91|0x00000000c5b00000, 0x00000000c5b00000, 0x00000000c5c00000|  0%| F|  |TAMS 0x00000000c5b00000, 0x00000000c5b00000| Untracked 
|  92|0x00000000c5c00000, 0x00000000c5c00000, 0x00000000c5d00000|  0%| F|  |TAMS 0x00000000c5c00000, 0x00000000c5c00000| Untracked 
|  93|0x00000000c5d00000, 0x00000000c5d00000, 0x00000000c5e00000|  0%| F|  |TAMS 0x00000000c5d00000, 0x00000000c5d00000| Untracked 
|  94|0x00000000c5e00000, 0x00000000c5e00000, 0x00000000c5f00000|  0%| F|  |TAMS 0x00000000c5e00000, 0x00000000c5e00000| Untracked 
|  95|0x00000000c5f00000, 0x00000000c5f00000, 0x00000000c6000000|  0%| F|  |TAMS 0x00000000c5f00000, 0x00000000c5f00000| Untracked 
|  96|0x00000000c6000000, 0x00000000c6000000, 0x00000000c6100000|  0%| F|  |TAMS 0x00000000c6000000, 0x00000000c6000000| Untracked 
|  97|0x00000000c6100000, 0x00000000c6100000, 0x00000000c6200000|  0%| F|  |TAMS 0x00000000c6100000, 0x00000000c6100000| Untracked 
|  98|0x00000000c6200000, 0x00000000c6200000, 0x00000000c6300000|  0%| F|  |TAMS 0x00000000c6200000, 0x00000000c6200000| Untracked 
|  99|0x00000000c6300000, 0x00000000c6300000, 0x00000000c6400000|  0%| F|  |TAMS 0x00000000c6300000, 0x00000000c6300000| Untracked 
| 100|0x00000000c6400000, 0x00000000c647ad60, 0x00000000c6500000| 47%| E|  |TAMS 0x00000000c6400000, 0x00000000c6400000| Complete 
| 101|0x00000000c6500000, 0x00000000c6600000, 0x00000000c6600000|100%| E|CS|TAMS 0x00000000c6500000, 0x00000000c6500000| Complete 
| 123|0x00000000c7b00000, 0x00000000c7c00000, 0x00000000c7c00000|100%| E|CS|TAMS 0x00000000c7b00000, 0x00000000c7b00000| Complete 

Card table byte_map: [0x00000205fb930000,0x00000205fbb30000] _byte_map_base: 0x00000205fb330000

Marking Bits (Prev, Next): (CMBitMap*) 0x00000205f52686f0, (CMBitMap*) 0x00000205f5268730
 Prev Bits: [0x00000205fbd30000, 0x00000205fcd30000)
 Next Bits: [0x00000205fcd30000, 0x00000205fdd30000)

Polling page: 0x00000205f2eb0000

Metaspace:

Usage:
  Non-class:     49.39 MB used.
      Class:      6.97 MB used.
       Both:     56.37 MB used.

Virtual space:
  Non-class space:       64.00 MB reserved,      49.62 MB ( 78%) committed,  1 nodes.
      Class space:        1.00 GB reserved,       7.19 MB ( <1%) committed,  1 nodes.
             Both:        1.06 GB reserved,      56.81 MB (  5%) committed. 

Chunk freelists:
   Non-Class:  13.47 MB
       Class:  8.82 MB
        Both:  22.29 MB

MaxMetaspaceSize: unlimited
CompressedClassSpaceSize: 1.00 GB
Initial GC threshold: 21.00 MB
Current GC threshold: 94.62 MB
CDS: off
MetaspaceReclaimPolicy: balanced
 - commit_granule_bytes: 65536.
 - commit_granule_words: 8192.
 - virtual_space_node_default_size: 8388608.
 - enlarge_chunks_in_place: 1.
 - new_chunks_are_fully_committed: 0.
 - uncommit_free_chunks: 1.
 - use_allocation_guard: 0.
 - handle_deallocations: 1.


Internal statistics:

num_allocs_failed_limit: 8.
num_arena_births: 624.
num_arena_deaths: 0.
num_vsnodes_births: 2.
num_vsnodes_deaths: 0.
num_space_committed: 909.
num_space_uncommitted: 0.
num_chunks_returned_to_freelist: 8.
num_chunks_taken_from_freelist: 2371.
num_chunk_merges: 5.
num_chunk_splits: 1687.
num_chunks_enlarged: 1313.
num_inconsistent_stats: 0.

CodeCache: size=49152Kb used=9297Kb max_used=11482Kb free=39854Kb
 bounds [0x00000205f7eb0000, 0x00000205f89f0000, 0x00000205faeb0000]
 total_blobs=5804 nmethods=5137 adapters=593
 compilation: enabled
              stopped_count=0, restarted_count=0
 full_count=0

Compilation events (20 events):
Event: 15.241 Thread 0x00000205853fa190 5129       1       com.fasterxml.jackson.databind.util.internal.PrivateMaxEntriesMap::recordRead (44 bytes)
Event: 15.241 Thread 0x0000020586260cc0 nmethod 5128 0x00000205f84a9d10 code [0x00000205f84a9ea0, 0x00000205f84a9f78]
Event: 15.241 Thread 0x000002058502a320 5130       1       com.fasterxml.jackson.databind.util.internal.PrivateMaxEntriesMap::drainOnReadIfNeeded (55 bytes)
Event: 15.241 Thread 0x0000020586260cc0 5131       1       com.fasterxml.jackson.databind.util.internal.PrivateMaxEntriesMap$DrainStatus$1::shouldDrainBuffers (10 bytes)
Event: 15.242 Thread 0x00000205861b2d20 nmethod 5126 0x00000205f84a9610 code [0x00000205f84a97e0, 0x00000205f84a9b88]
Event: 15.243 Thread 0x00000205861b2d20 5123       1       java.util.concurrent.atomic.AtomicReference::compareAndSet (10 bytes)
Event: 15.243 Thread 0x0000020586260cc0 nmethod 5131 0x00000205f84a9310 code [0x00000205f84a94a0, 0x00000205f84a9578]
Event: 15.243 Thread 0x0000020586260cc0 5132       1       com.fasterxml.jackson.databind.util.internal.PrivateMaxEntriesMap$Node::getNext (5 bytes)
Event: 15.245 Thread 0x0000020586260cc0 nmethod 5132 0x00000205f84a8a10 code [0x00000205f84a8ba0, 0x00000205f84a8c78]
Event: 15.245 Thread 0x000002058502a320 nmethod 5130 0x00000205f84a8d10 code [0x00000205f84a8ec0, 0x00000205f84a90e8]
Event: 15.245 Thread 0x0000020586260cc0 5133       1       com.google.common.collect.ImmutableList::asImmutableList (69 bytes)
Event: 15.246 Thread 0x000002058502a320 5134       1       java.lang.invoke.LambdaFormEditor$TransformKey::of (51 bytes)
Event: 15.247 Thread 0x00000205861b2d20 nmethod 5123 0x00000205f84a8190 code [0x00000205f84a8380, 0x00000205f84a87f8]
Event: 15.248 Thread 0x000002058502a320 nmethod 5134 0x00000205f84a6a90 code [0x00000205f84a6c60, 0x00000205f84a6fc8]
Event: 15.248 Thread 0x0000020586260cc0 nmethod 5133 0x00000205f84a6290 code [0x00000205f84a6460, 0x00000205f84a6888]
Event: 15.248 Thread 0x00000205853fa190 nmethod 5129 0x00000205f84a7110 code [0x00000205f84a7360, 0x00000205f84a7ae8]
Event: 30.960 Thread 0x000002058502a320 5135       1       java.util.concurrent.locks.AbstractQueuedSynchronizer::release (19 bytes)
Event: 30.961 Thread 0x000002058502a320 nmethod 5135 0x00000205f84a5d90 code [0x00000205f84a5f40, 0x00000205f84a6138]
Event: 51.111 Thread 0x000002058502a320 5136       1       java.lang.invoke.LambdaFormEditor$TransformKey::packedBytes (39 bytes)
Event: 51.111 Thread 0x000002058502a320 nmethod 5136 0x00000205f84a5a90 code [0x00000205f84a5c20, 0x00000205f84a5cd8]

GC Heap History (20 events):
Event: 7.378 GC heap before
{Heap before GC invocations=2 (full 0):
 garbage-first heap   total 126976K, used 48473K [0x00000000c0000000, 0x0000000100000000)
  region size 1024K, 33 young (33792K), 2 survivors (2048K)
 Metaspace       used 21221K, committed 21504K, reserved 1114112K
  class space    used 2603K, committed 2752K, reserved 1048576K
}
Event: 7.382 GC heap after
{Heap after GC invocations=3 (full 0):
 garbage-first heap   total 126976K, used 20630K [0x00000000c0000000, 0x0000000100000000)
  region size 1024K, 5 young (5120K), 5 survivors (5120K)
 Metaspace       used 21221K, committed 21504K, reserved 1114112K
  class space    used 2603K, committed 2752K, reserved 1048576K
}
Event: 8.199 GC heap before
{Heap before GC invocations=4 (full 0):
 garbage-first heap   total 75776K, used 57494K [0x00000000c0000000, 0x0000000100000000)
  region size 1024K, 43 young (44032K), 5 survivors (5120K)
 Metaspace       used 27913K, committed 28160K, reserved 1114112K
  class space    used 3477K, committed 3584K, reserved 1048576K
}
Event: 8.206 GC heap after
{Heap after GC invocations=5 (full 0):
 garbage-first heap   total 75776K, used 23766K [0x00000000c0000000, 0x0000000100000000)
  region size 1024K, 6 young (6144K), 6 survivors (6144K)
 Metaspace       used 27913K, committed 28160K, reserved 1114112K
  class space    used 3477K, committed 3584K, reserved 1048576K
}
Event: 9.050 GC heap before
{Heap before GC invocations=5 (full 0):
 garbage-first heap   total 75776K, used 49366K [0x00000000c0000000, 0x0000000100000000)
  region size 1024K, 32 young (32768K), 6 survivors (6144K)
 Metaspace       used 32072K, committed 32512K, reserved 1114112K
  class space    used 4073K, committed 4288K, reserved 1048576K
}
Event: 9.058 GC heap after
{Heap after GC invocations=6 (full 0):
 garbage-first heap   total 75776K, used 26337K [0x00000000c0000000, 0x0000000100000000)
  region size 1024K, 3 young (3072K), 3 survivors (3072K)
 Metaspace       used 32072K, committed 32512K, reserved 1114112K
  class space    used 4073K, committed 4288K, reserved 1048576K
}
Event: 10.948 GC heap before
{Heap before GC invocations=6 (full 0):
 garbage-first heap   total 75776K, used 49889K [0x00000000c0000000, 0x0000000100000000)
  region size 1024K, 28 young (28672K), 3 survivors (3072K)
 Metaspace       used 35722K, committed 36096K, reserved 1114112K
  class space    used 4600K, committed 4800K, reserved 1048576K
}
Event: 10.955 GC heap after
{Heap after GC invocations=7 (full 0):
 garbage-first heap   total 75776K, used 28241K [0x00000000c0000000, 0x0000000100000000)
  region size 1024K, 3 young (3072K), 3 survivors (3072K)
 Metaspace       used 35722K, committed 36096K, reserved 1114112K
  class space    used 4600K, committed 4800K, reserved 1048576K
}
Event: 11.573 GC heap before
{Heap before GC invocations=8 (full 0):
 garbage-first heap   total 75776K, used 52817K [0x00000000c0000000, 0x0000000100000000)
  region size 1024K, 28 young (28672K), 3 survivors (3072K)
 Metaspace       used 39709K, committed 40192K, reserved 1114112K
  class space    used 5272K, committed 5504K, reserved 1048576K
}
Event: 11.577 GC heap after
{Heap after GC invocations=9 (full 0):
 garbage-first heap   total 75776K, used 30449K [0x00000000c0000000, 0x0000000100000000)
  region size 1024K, 3 young (3072K), 3 survivors (3072K)
 Metaspace       used 39709K, committed 40192K, reserved 1114112K
  class space    used 5272K, committed 5504K, reserved 1048576K
}
Event: 11.956 GC heap before
{Heap before GC invocations=9 (full 0):
 garbage-first heap   total 75776K, used 54001K [0x00000000c0000000, 0x0000000100000000)
  region size 1024K, 27 young (27648K), 3 survivors (3072K)
 Metaspace       used 42624K, committed 43072K, reserved 1114112K
  class space    used 5541K, committed 5760K, reserved 1048576K
}
Event: 11.960 GC heap after
{Heap after GC invocations=10 (full 0):
 garbage-first heap   total 75776K, used 34516K [0x00000000c0000000, 0x0000000100000000)
  region size 1024K, 4 young (4096K), 4 survivors (4096K)
 Metaspace       used 42624K, committed 43072K, reserved 1114112K
  class space    used 5541K, committed 5760K, reserved 1048576K
}
Event: 12.219 GC heap before
{Heap before GC invocations=10 (full 0):
 garbage-first heap   total 75776K, used 57044K [0x00000000c0000000, 0x0000000100000000)
  region size 1024K, 25 young (25600K), 4 survivors (4096K)
 Metaspace       used 47522K, committed 48000K, reserved 1114112K
  class space    used 5891K, committed 6144K, reserved 1048576K
}
Event: 12.221 GC heap after
{Heap after GC invocations=11 (full 0):
 garbage-first heap   total 75776K, used 38961K [0x00000000c0000000, 0x0000000100000000)
  region size 1024K, 4 young (4096K), 4 survivors (4096K)
 Metaspace       used 47522K, committed 48000K, reserved 1114112K
  class space    used 5891K, committed 6144K, reserved 1048576K
}
Event: 12.333 GC heap before
{Heap before GC invocations=11 (full 0):
 garbage-first heap   total 75776K, used 56369K [0x00000000c0000000, 0x0000000100000000)
  region size 1024K, 22 young (22528K), 4 survivors (4096K)
 Metaspace       used 49636K, committed 50048K, reserved 1114112K
  class space    used 6174K, committed 6400K, reserved 1048576K
}
Event: 12.335 GC heap after
{Heap after GC invocations=12 (full 0):
 garbage-first heap   total 75776K, used 41322K [0x00000000c0000000, 0x0000000100000000)
  region size 1024K, 3 young (3072K), 3 survivors (3072K)
 Metaspace       used 49636K, committed 50048K, reserved 1114112K
  class space    used 6174K, committed 6400K, reserved 1048576K
}
Event: 12.469 GC heap before
{Heap before GC invocations=13 (full 0):
 garbage-first heap   total 81920K, used 57706K [0x00000000c0000000, 0x0000000100000000)
  region size 1024K, 20 young (20480K), 3 survivors (3072K)
 Metaspace       used 51326K, committed 51776K, reserved 1114112K
  class space    used 6374K, committed 6592K, reserved 1048576K
}
Event: 12.471 GC heap after
{Heap after GC invocations=14 (full 0):
 garbage-first heap   total 81920K, used 43077K [0x00000000c0000000, 0x0000000100000000)
  region size 1024K, 2 young (2048K), 2 survivors (2048K)
 Metaspace       used 51326K, committed 51776K, reserved 1114112K
  class space    used 6374K, committed 6592K, reserved 1048576K
}
Event: 14.213 GC heap before
{Heap before GC invocations=14 (full 0):
 garbage-first heap   total 81920K, used 63557K [0x00000000c0000000, 0x0000000100000000)
  region size 1024K, 22 young (22528K), 2 survivors (2048K)
 Metaspace       used 57564K, committed 58048K, reserved 1114112K
  class space    used 7118K, committed 7360K, reserved 1048576K
}
Event: 14.216 GC heap after
{Heap after GC invocations=15 (full 0):
 garbage-first heap   total 105472K, used 44593K [0x00000000c0000000, 0x0000000100000000)
  region size 1024K, 2 young (2048K), 2 survivors (2048K)
 Metaspace       used 57564K, committed 58048K, reserved 1114112K
  class space    used 7118K, committed 7360K, reserved 1048576K
}

Dll operation events (10 events):
Event: 0.010 Loaded shared library c:\Users\tranv\.vscode\extensions\redhat.java-1.28.1-win32-x64\jre\17.0.10-win32-x86_64\bin\java.dll
Event: 0.287 Loaded shared library C:\Users\tranv\.vscode\extensions\redhat.java-1.28.1-win32-x64\jre\17.0.10-win32-x86_64\bin\net.dll
Event: 0.289 Loaded shared library C:\Users\tranv\.vscode\extensions\redhat.java-1.28.1-win32-x64\jre\17.0.10-win32-x86_64\bin\nio.dll
Event: 0.298 Loaded shared library C:\Users\tranv\.vscode\extensions\redhat.java-1.28.1-win32-x64\jre\17.0.10-win32-x86_64\bin\zip.dll
Event: 5.649 Loaded shared library C:\Users\tranv\.vscode\extensions\redhat.java-1.28.1-win32-x64\jre\17.0.10-win32-x86_64\bin\jimage.dll
Event: 7.333 Loaded shared library c:\Users\tranv\.vscode\extensions\redhat.java-1.28.1-win32-x64\jre\17.0.10-win32-x86_64\bin\verify.dll
Event: 11.077 Loaded shared library C:\Users\tranv\.vscode\extensions\redhat.java-1.28.1-win32-x64\jre\17.0.10-win32-x86_64\bin\management.dll
Event: 11.081 Loaded shared library C:\Users\tranv\.vscode\extensions\redhat.java-1.28.1-win32-x64\jre\17.0.10-win32-x86_64\bin\management_ext.dll
Event: 12.227 Loaded shared library C:\Users\tranv\.vscode\extensions\redhat.java-1.28.1-win32-x64\jre\17.0.10-win32-x86_64\bin\sunmscapi.dll
Event: 12.670 Loaded shared library C:\Users\tranv\.vscode\extensions\redhat.java-1.28.1-win32-x64\jre\17.0.10-win32-x86_64\bin\extnet.dll

Deoptimization events (10 events):
Event: 11.389 Thread 0x0000020585cc9110 DEOPT PACKING pc=0x00000205f84e2001 sp=0x0000006850efdca0
Event: 11.389 Thread 0x0000020585cc9110 DEOPT UNPACKING pc=0x00000205f7f07143 sp=0x0000006850efd130 mode 3
Event: 11.410 Thread 0x0000020585adb690 DEOPT PACKING pc=0x00000205f84e1b17 sp=0x0000006850ffee90
Event: 11.410 Thread 0x0000020585adb690 DEOPT UNPACKING pc=0x00000205f7f07143 sp=0x0000006850ffe2e8 mode 3
Event: 12.294 Thread 0x0000020586ba27e0 DEOPT PACKING pc=0x00000205f803420c sp=0x00000068521fab10
Event: 12.294 Thread 0x0000020586ba27e0 DEOPT UNPACKING pc=0x00000205f7f07143 sp=0x00000068521f9fd8 mode 0
Event: 12.690 Thread 0x0000020585afb320 DEOPT PACKING pc=0x00000205f86a62a4 sp=0x0000006851bfeea0
Event: 12.690 Thread 0x0000020585afa900 DEOPT PACKING pc=0x00000205f86a62a4 sp=0x00000068519fecd0
Event: 12.690 Thread 0x0000020585afb320 DEOPT UNPACKING pc=0x00000205f7f07143 sp=0x0000006851bfe388 mode 0
Event: 12.691 Thread 0x0000020585afa900 DEOPT UNPACKING pc=0x00000205f7f07143 sp=0x00000068519fe1b8 mode 0

Classes unloaded (0 events):
No events

Classes redefined (0 events):
No events

Internal exceptions (20 events):
Event: 11.706 Thread 0x0000020585af9ee0 Exception <a 'sun/nio/fs/WindowsException'{0x00000000c41110a0}> (0x00000000c41110a0) 
thrown [s\src\hotspot\share\prims\jni.cpp, line 516]
Event: 11.707 Thread 0x0000020585af9ee0 Exception <a 'sun/nio/fs/WindowsException'{0x00000000c4111d10}> (0x00000000c4111d10) 
thrown [s\src\hotspot\share\prims\jni.cpp, line 516]
Event: 11.708 Thread 0x0000020585af9ee0 Exception <a 'sun/nio/fs/WindowsException'{0x00000000c4118b98}> (0x00000000c4118b98) 
thrown [s\src\hotspot\share\prims\jni.cpp, line 516]
Event: 11.708 Thread 0x0000020585af9ee0 Exception <a 'sun/nio/fs/WindowsException'{0x00000000c41196a0}> (0x00000000c41196a0) 
thrown [s\src\hotspot\share\prims\jni.cpp, line 516]
Event: 11.708 Thread 0x0000020585af9ee0 Exception <a 'sun/nio/fs/WindowsException'{0x00000000c411a188}> (0x00000000c411a188) 
thrown [s\src\hotspot\share\prims\jni.cpp, line 516]
Event: 11.708 Thread 0x0000020585af9ee0 Exception <a 'sun/nio/fs/WindowsException'{0x00000000c4156700}> (0x00000000c4156700) 
thrown [s\src\hotspot\share\prims\jni.cpp, line 516]
Event: 11.708 Thread 0x0000020585af9ee0 Exception <a 'sun/nio/fs/WindowsException'{0x00000000c4157308}> (0x00000000c4157308) 
thrown [s\src\hotspot\share\prims\jni.cpp, line 516]
Event: 11.708 Thread 0x0000020585af9ee0 Exception <a 'sun/nio/fs/WindowsException'{0x00000000c4157f78}> (0x00000000c4157f78) 
thrown [s\src\hotspot\share\prims\jni.cpp, line 516]
Event: 11.844 Thread 0x0000020585af99d0 Exception <a 'java/lang/NoSuchMethodError'{0x00000000c3982890}: 'java.lang.Object java.lang.invoke.Invokers$Holder.invoke_MT(java.lang.Object, java.lang.Object, java.lang.Object)'> (0x00000000c3982890) 
thrown [s\src\hotspot\share\interpreter\linkResolver.cpp, line 759]
Event: 12.081 Thread 0x0000020586ba0470 Exception <a 'java/lang/NoSuchMethodError'{0x00000000c4377050}: 'java.lang.Object java.lang.invoke.DirectMethodHandle$Holder.newInvokeSpecial(java.lang.Object, java.lang.Object, java.lang.Object, java.lang.Object, java.lang.Object, long)'> (0x00000000c4377050) 
thrown [s\src\hotspot\share\interpreter\linkResolver.cpp, line 759]
Event: 12.081 Thread 0x0000020586ba0470 Exception <a 'java/lang/NoSuchMethodError'{0x00000000c437b830}: 'java.lang.Object java.lang.invoke.DirectMethodHandle$Holder.invokeSpecial(java.lang.Object, java.lang.Object, java.lang.Object, java.lang.Object, java.lang.Object, java.lang.Object, long)'> (0x00000000c437b830) 
thrown [s\src\hotspot\share\interpreter\linkResolver.cpp, line 759]
Event: 12.082 Thread 0x0000020586ba27e0 Exception <a 'java/lang/NoSuchMethodError'{0x00000000c438b980}: 'void java.lang.invoke.DirectMethodHandle$Holder.invokeVirtual(java.lang.Object, java.lang.Object, java.lang.Object, java.lang.Object)'> (0x00000000c438b980) 
thrown [s\src\hotspot\share\interpreter\linkResolver.cpp, line 759]
Event: 12.160 Thread 0x0000020586ba27e0 Exception <a 'java/lang/NoSuchMethodError'{0x00000000c3abde08}: 'java.lang.Object java.lang.invoke.DirectMethodHandle$Holder.invokeStatic(java.lang.Object, java.lang.Object, int, java.lang.Object)'> (0x00000000c3abde08) 
thrown [s\src\hotspot\share\interpreter\linkResolver.cpp, line 759]
Event: 12.161 Thread 0x0000020586ba27e0 Exception <a 'java/lang/NoSuchMethodError'{0x00000000c3aec360}: 'java.lang.Object java.lang.invoke.DirectMethodHandle$Holder.newInvokeSpecial(java.lang.Object, java.lang.Object, int)'> (0x00000000c3aec360) 
thrown [s\src\hotspot\share\interpreter\linkResolver.cpp, line 759]
Event: 12.288 Thread 0x0000020586ba27e0 Exception <a 'sun/nio/fs/WindowsException'{0x00000000c4039270}> (0x00000000c4039270) 
thrown [s\src\hotspot\share\prims\jni.cpp, line 516]
Event: 12.323 Thread 0x0000020585af99d0 Exception <a 'java/lang/IncompatibleClassChangeError'{0x00000000c3e5b008}: Found class java.lang.Object, but interface was expected> (0x00000000c3e5b008) 
thrown [s\src\hotspot\share\interpreter\linkResolver.cpp, line 826]
Event: 12.373 Thread 0x0000020585af99d0 Exception <a 'java/lang/NoSuchMethodError'{0x00000000c48bdc50}: 'int java.lang.invoke.DirectMethodHandle$Holder.invokeSpecialIFC(java.lang.Object, java.lang.Object, java.lang.Object)'> (0x00000000c48bdc50) 
thrown [s\src\hotspot\share\interpreter\linkResolver.cpp, line 759]
Event: 12.489 Thread 0x0000020585af99d0 Exception <a 'java/lang/NoSuchMethodError'{0x00000000c5a1dfd8}: 'int java.lang.invoke.DirectMethodHandle$Holder.invokeStatic(java.lang.Object, int, java.lang.Object)'> (0x00000000c5a1dfd8) 
thrown [s\src\hotspot\share\interpreter\linkResolver.cpp, line 759]
Event: 51.224 Thread 0x0000020585bfa010 Exception <a 'java/lang/NoSuchMethodError'{0x00000000c6452170}: 'void java.lang.invoke.DirectMethodHandle$Holder.invokeStatic(java.lang.Object, long)'> (0x00000000c6452170) 
thrown [s\src\hotspot\share\interpreter\linkResolver.cpp, line 759]
Event: 51.234 Thread 0x0000020585bfa010 Exception <a 'java/lang/NoSuchMethodError'{0x00000000c6457520}: 'java.lang.Object java.lang.invoke.DirectMethodHandle$Holder.newInvokeSpecial(java.lang.Object, long)'> (0x00000000c6457520) 
thrown [s\src\hotspot\share\interpreter\linkResolver.cpp, line 759]

VM Operations (20 events):
Event: 12.734 Executing VM operation: HandshakeAllThreads done
Event: 13.655 Executing VM operation: HandshakeAllThreads
Event: 13.655 Executing VM operation: HandshakeAllThreads done
Event: 13.655 Executing VM operation: Cleanup
Event: 13.656 Executing VM operation: Cleanup done
Event: 14.213 Executing VM operation: G1CollectForAllocation
Event: 14.217 Executing VM operation: G1CollectForAllocation done
Event: 14.234 Executing VM operation: G1PauseRemark
Event: 14.241 Executing VM operation: G1PauseRemark done
Event: 14.245 Executing VM operation: G1PauseCleanup
Event: 14.245 Executing VM operation: G1PauseCleanup done
Event: 14.335 Executing VM operation: HandshakeAllThreads
Event: 14.335 Executing VM operation: HandshakeAllThreads done
Event: 15.328 Executing VM operation: Cleanup
Event: 15.328 Executing VM operation: Cleanup done
Event: 31.490 Executing VM operation: Cleanup
Event: 31.490 Executing VM operation: Cleanup done
Event: 51.250 Executing VM operation: HandshakeAllThreads
Event: 51.257 Executing VM operation: HandshakeAllThreads done
Event: 51.840 Executing VM operation: G1CollectFull

Events (20 events):
Event: 13.621 loading class java/io/PushbackInputStream done
Event: 14.302 Thread 0x0000020586b9fa50 Thread added: 0x0000020586b9fa50
Event: 14.302 Thread 0x0000020586b9e610 Thread added: 0x0000020586b9e610
Event: 15.230 Thread 0x00000205863348f0 Thread exited: 0x00000205863348f0
Event: 20.235 Thread 0x0000020586260cc0 Thread exited: 0x0000020586260cc0
Event: 20.235 Thread 0x00000205861b2d20 Thread exited: 0x00000205861b2d20
Event: 25.242 Thread 0x00000205853fa190 Thread exited: 0x00000205853fa190
Event: 30.961 Thread 0x0000020586ba27e0 Thread exited: 0x0000020586ba27e0
Event: 51.125 loading class java/lang/ProcessBuilder
Event: 51.183 loading class java/lang/ProcessBuilder done
Event: 51.184 loading class java/lang/ProcessImpl
Event: 51.194 loading class java/lang/ProcessImpl done
Event: 51.236 loading class java/lang/ProcessImpl$2
Event: 51.239 loading class java/lang/ProcessImpl$2 done
Event: 51.240 loading class java/lang/Process$PipeInputStream
Event: 51.241 loading class java/lang/Process$PipeInputStream done
Event: 51.259 loading class jdk/internal/event/ProcessStartEvent
Event: 51.263 loading class jdk/internal/event/ProcessStartEvent done
Event: 51.836 loading class java/io/FileOutputStream$1
Event: 51.837 loading class java/io/FileOutputStream$1 done


Dynamic libraries:
0x00007ff682230000 - 0x00007ff68223e000 	c:\Users\tranv\.vscode\extensions\redhat.java-1.28.1-win32-x64\jre\17.0.10-win32-x86_64\bin\java.exe
0x00007ffa7afd0000 - 0x00007ffa7b1e7000 	C:\Windows\SYSTEM32\ntdll.dll
0x00007ffa78e40000 - 0x00007ffa78f04000 	C:\Windows\System32\KERNEL32.DLL
0x00007ffa78830000 - 0x00007ffa78bd6000 	C:\Windows\System32\KERNELBASE.dll
0x00007ffa78310000 - 0x00007ffa78421000 	C:\Windows\System32\ucrtbase.dll
0x00007ffa6baa0000 - 0x00007ffa6bab7000 	c:\Users\tranv\.vscode\extensions\redhat.java-1.28.1-win32-x64\jre\17.0.10-win32-x86_64\bin\jli.dll
0x00007ffa68120000 - 0x00007ffa6813b000 	c:\Users\tranv\.vscode\extensions\redhat.java-1.28.1-win32-x64\jre\17.0.10-win32-x86_64\bin\VCRUNTIME140.dll
0x00007ffa79ac0000 - 0x00007ffa79c6e000 	C:\Windows\System32\USER32.dll
0x00007ffa78cf0000 - 0x00007ffa78d16000 	C:\Windows\System32\win32u.dll
0x00007ffa7af60000 - 0x00007ffa7af89000 	C:\Windows\System32\GDI32.dll
0x00007ffa56f70000 - 0x00007ffa57203000 	C:\Windows\WinSxS\amd64_microsoft.windows.common-controls_6595b64144ccf1df_6.0.22621.2506_none_270c5ae97388e100\COMCTL32.dll
0x00007ffa78430000 - 0x00007ffa78548000 	C:\Windows\System32\gdi32full.dll
0x00007ffa7ade0000 - 0x00007ffa7ae87000 	C:\Windows\System32\msvcrt.dll
0x00007ffa78be0000 - 0x00007ffa78c7a000 	C:\Windows\System32\msvcp_win.dll
0x00007ffa78fc0000 - 0x00007ffa78ff1000 	C:\Windows\System32\IMM32.DLL
0x00007ffa70810000 - 0x00007ffa7081c000 	c:\Users\tranv\.vscode\extensions\redhat.java-1.28.1-win32-x64\jre\17.0.10-win32-x86_64\bin\vcruntime140_1.dll
0x00007ffa44690000 - 0x00007ffa4471d000 	c:\Users\tranv\.vscode\extensions\redhat.java-1.28.1-win32-x64\jre\17.0.10-win32-x86_64\bin\msvcp140.dll
0x00007ffa2d5d0000 - 0x00007ffa2e232000 	c:\Users\tranv\.vscode\extensions\redhat.java-1.28.1-win32-x64\jre\17.0.10-win32-x86_64\bin\server\jvm.dll
0x00007ffa79c70000 - 0x00007ffa79d23000 	C:\Windows\System32\ADVAPI32.dll
0x00007ffa7ad30000 - 0x00007ffa7add8000 	C:\Windows\System32\sechost.dll
0x00007ffa78800000 - 0x00007ffa78828000 	C:\Windows\System32\bcrypt.dll
0x00007ffa78d20000 - 0x00007ffa78e37000 	C:\Windows\System32\RPCRT4.dll
0x00007ffa77180000 - 0x00007ffa771cd000 	C:\Windows\SYSTEM32\POWRPROF.dll
0x00007ffa70010000 - 0x00007ffa70044000 	C:\Windows\SYSTEM32\WINMM.dll
0x00007ffa4fc90000 - 0x00007ffa4fc99000 	C:\Windows\SYSTEM32\WSOCK32.dll
0x00007ffa6f030000 - 0x00007ffa6f03a000 	C:\Windows\SYSTEM32\VERSION.dll
0x00007ffa7a1b0000 - 0x00007ffa7a221000 	C:\Windows\System32\WS2_32.dll
0x00007ffa77150000 - 0x00007ffa77163000 	C:\Windows\SYSTEM32\UMPDC.dll
0x00007ffa77420000 - 0x00007ffa77438000 	C:\Windows\SYSTEM32\kernel.appcore.dll
0x00007ffa701e0000 - 0x00007ffa701ea000 	c:\Users\tranv\.vscode\extensions\redhat.java-1.28.1-win32-x64\jre\17.0.10-win32-x86_64\bin\jimage.dll
0x00007ffa75b20000 - 0x00007ffa75d53000 	C:\Windows\SYSTEM32\DBGHELP.DLL
0x00007ffa7a3a0000 - 0x00007ffa7a729000 	C:\Windows\System32\combase.dll
0x00007ffa7ac50000 - 0x00007ffa7ad27000 	C:\Windows\System32\OLEAUT32.dll
0x00007ffa6e970000 - 0x00007ffa6e9a2000 	C:\Windows\SYSTEM32\dbgcore.DLL
0x00007ffa78780000 - 0x00007ffa787fa000 	C:\Windows\System32\bcryptPrimitives.dll
0x00007ffa67200000 - 0x00007ffa67225000 	c:\Users\tranv\.vscode\extensions\redhat.java-1.28.1-win32-x64\jre\17.0.10-win32-x86_64\bin\java.dll
0x00007ffa67b20000 - 0x00007ffa67b38000 	c:\Users\tranv\.vscode\extensions\redhat.java-1.28.1-win32-x64\jre\17.0.10-win32-x86_64\bin\zip.dll
0x00007ffa79260000 - 0x00007ffa79abb000 	C:\Windows\System32\SHELL32.dll
0x00007ffa76230000 - 0x00007ffa76b26000 	C:\Windows\SYSTEM32\windows.storage.dll
0x00007ffa760f0000 - 0x00007ffa7622e000 	C:\Windows\SYSTEM32\wintypes.dll
0x00007ffa79000000 - 0x00007ffa790f3000 	C:\Windows\System32\SHCORE.dll
0x00007ffa7a8d0000 - 0x00007ffa7a92e000 	C:\Windows\System32\shlwapi.dll
0x00007ffa78240000 - 0x00007ffa78266000 	C:\Windows\SYSTEM32\profapi.dll
0x00007ffa67130000 - 0x00007ffa67149000 	C:\Users\tranv\.vscode\extensions\redhat.java-1.28.1-win32-x64\jre\17.0.10-win32-x86_64\bin\net.dll
0x00007ffa71ca0000 - 0x00007ffa71dd7000 	C:\Windows\SYSTEM32\WINHTTP.dll
0x00007ffa778c0000 - 0x00007ffa77929000 	C:\Windows\system32\mswsock.dll
0x00007ffa67110000 - 0x00007ffa67126000 	C:\Users\tranv\.vscode\extensions\redhat.java-1.28.1-win32-x64\jre\17.0.10-win32-x86_64\bin\nio.dll
0x00007ffa6d930000 - 0x00007ffa6d940000 	c:\Users\tranv\.vscode\extensions\redhat.java-1.28.1-win32-x64\jre\17.0.10-win32-x86_64\bin\verify.dll
0x00007ffa77b10000 - 0x00007ffa77b2b000 	C:\Windows\SYSTEM32\CRYPTSP.dll
0x00007ffa77380000 - 0x00007ffa773b5000 	C:\Windows\system32\rsaenh.dll
0x00007ffa779b0000 - 0x00007ffa779dc000 	C:\Windows\SYSTEM32\USERENV.dll
0x00007ffa77b30000 - 0x00007ffa77b3c000 	C:\Windows\SYSTEM32\CRYPTBASE.dll
0x00007ffa76e00000 - 0x00007ffa76e2d000 	C:\Windows\SYSTEM32\IPHLPAPI.DLL
0x00007ffa7a230000 - 0x00007ffa7a239000 	C:\Windows\System32\NSI.dll
0x00007ffa71c60000 - 0x00007ffa71c79000 	C:\Windows\SYSTEM32\dhcpcsvc6.DLL
0x00007ffa71b00000 - 0x00007ffa71b1f000 	C:\Windows\SYSTEM32\dhcpcsvc.DLL
0x00007ffa76e70000 - 0x00007ffa76f69000 	C:\Windows\SYSTEM32\DNSAPI.dll
0x00007ffa731f0000 - 0x00007ffa731f9000 	C:\Users\tranv\.vscode\extensions\redhat.java-1.28.1-win32-x64\jre\17.0.10-win32-x86_64\bin\management.dll
0x00007ffa6d220000 - 0x00007ffa6d22b000 	C:\Users\tranv\.vscode\extensions\redhat.java-1.28.1-win32-x64\jre\17.0.10-win32-x86_64\bin\management_ext.dll
0x00007ffa791d0000 - 0x00007ffa791d8000 	C:\Windows\System32\PSAPI.DLL
0x00007ffa6c9c0000 - 0x00007ffa6c9ce000 	C:\Users\tranv\.vscode\extensions\redhat.java-1.28.1-win32-x64\jre\17.0.10-win32-x86_64\bin\sunmscapi.dll
0x00007ffa78610000 - 0x00007ffa78776000 	C:\Windows\System32\CRYPT32.dll
0x00007ffa77cd0000 - 0x00007ffa77cfe000 	C:\Windows\SYSTEM32\ncrypt.dll
0x00007ffa77c90000 - 0x00007ffa77cc7000 	C:\Windows\SYSTEM32\NTASN1.dll
0x00007ffa71b70000 - 0x00007ffa71b7a000 	C:\Windows\System32\rasadhlp.dll
0x00007ffa70a60000 - 0x00007ffa70ae3000 	C:\Windows\System32\fwpuclnt.dll
0x00007ffa6c0a0000 - 0x00007ffa6c0a9000 	C:\Users\tranv\.vscode\extensions\redhat.java-1.28.1-win32-x64\jre\17.0.10-win32-x86_64\bin\extnet.dll

dbghelp: loaded successfully - version: 4.0.5 - missing functions: none
symbol engine: initialized successfully - sym options: 0x614 - pdb path: .;c:\Users\tranv\.vscode\extensions\redhat.java-1.28.1-win32-x64\jre\17.0.10-win32-x86_64\bin;C:\Windows\SYSTEM32;C:\Windows\WinSxS\amd64_microsoft.windows.common-controls_6595b64144ccf1df_6.0.22621.2506_none_270c5ae97388e100;c:\Users\tranv\.vscode\extensions\redhat.java-1.28.1-win32-x64\jre\17.0.10-win32-x86_64\bin\server

VM Arguments:
jvm_args: -XX:+HeapDumpOnOutOfMemoryError -Xmx1024m -Dsts.lsp.client=vscode -Dsts.log.file=/dev/null -XX:TieredStopAtLevel=1 -Xlog:jni+resolve=off -Dspring.config.location=file:c:\Users\tranv\.vscode\extensions\vmware.vscode-spring-boot-1.53.0\language-server\BOOT-INF\classes\application.properties 
java_command: org.springframework.ide.vscode.boot.app.BootLanguageServerBootApp
java_class_path (initial): c:\Users\tranv\.vscode\extensions\vmware.vscode-spring-boot-1.53.0\language-server\BOOT-INF\classes;c:\Users\tranv\.vscode\extensions\vmware.vscode-spring-boot-1.53.0\language-server\BOOT-INF\lib\annotations-24.1.0.jar;c:\Users\tranv\.vscode\extensions\vmware.vscode-spring-boot-1.53.0\language-server\BOOT-INF\lib\antlr4-runtime-4.11.1.jar;c:\Users\tranv\.vscode\extensions\vmware.vscode-spring-boot-1.53.0\language-server\BOOT-INF\lib\asm-9.6.jar;c:\Users\tranv\.vscode\extensions\vmware.vscode-spring-boot-1.53.0\language-server\BOOT-INF\lib\asm-analysis-9.6.jar;c:\Users\tranv\.vscode\extensions\vmware.vscode-spring-boot-1.53.0\language-server\BOOT-INF\lib\asm-tree-9.6.jar;c:\Users\tranv\.vscode\extensions\vmware.vscode-spring-boot-1.53.0\language-server\BOOT-INF\lib\asm-util-9.6.jar;c:\Users\tranv\.vscode\extensions\vmware.vscode-spring-boot-1.53.0\language-server\BOOT-INF\lib\caffeine-3.1.8.jar;c:\Users\tranv\.vscode\extensions\vmware.vscode-spring-boot-1.53.0\language-server\BOOT-INF\lib\checker-qual-3.12.0.jar;c:\Users\tranv\.vscode\extensions\vmware.vscode-spring-boot-1.53.0\language-server\BOOT-INF\lib\classgraph-4.8.149.jar;c:\Users\tranv\.vscode\extensions\vmware.vscode-spring-boot-1.53.0\language-server\BOOT-INF\lib\commons-codec-1.16.1.jar;c:\Users\tranv\.vscode\extensions\vmware.vscode-spring-boot-1.53.0\language-server\BOOT-INF\lib\commons-compress-1.26.0.jar;c:\Users\tranv\.vscode\extensions\vmware.vscode-spring-boot-1.53.0\language-server\BOOT-INF\lib\commons-io-2.4.jar;c:\Users\tranv\.vscode\extensions\vmware.vscode-spring-boot-1.53.0\language-server\BOOT-INF\lib\commons-java-1.53.0-SNAPSHOT.jar;c:\Users\tranv\.vscode\extensions\vmware.vscode-spring-boot-1.53.0\language-server\BOOT-INF\lib\commons-lang3-3.13.0.jar;c:\Users\tranv\.vscode\extensions\vmware.vscode-spring-boot-1.53.0\language-server\BOOT-INF\lib\commons-language-server-1.53.0-SNAPSHOT.jar;c:\Users\tranv\.vscode\extensions\vmware.vscode-spring-boot-1.53.0\language
Launcher Type: SUN_STANDARD

[Global flags]
     intx CICompilerCount                          = 12                                        {product} {ergonomic}
     uint ConcGCThreads                            = 4                                         {product} {ergonomic}
     uint G1ConcRefinementThreads                  = 15                                        {product} {ergonomic}
   size_t G1HeapRegionSize                         = 1048576                                   {product} {ergonomic}
    uintx GCDrainStackTargetSize                   = 64                                        {product} {ergonomic}
     bool HeapDumpOnOutOfMemoryError               = true                                   {manageable} {command line}
   size_t InitialHeapSize                          = 130023424                                 {product} {ergonomic}
   size_t MarkStackSize                            = 4194304                                   {product} {ergonomic}
   size_t MaxHeapSize                              = 1073741824                                {product} {command line}
   size_t MaxNewSize                               = 643825664                                 {product} {ergonomic}
   size_t MinHeapDeltaBytes                        = 1048576                                   {product} {ergonomic}
   size_t MinHeapSize                              = 8388608                                   {product} {ergonomic}
    uintx NonProfiledCodeHeapSize                  = 0                                      {pd product} {ergonomic}
     bool ProfileInterpreter                       = false                                  {pd product} {command line}
    uintx ProfiledCodeHeapSize                     = 0                                      {pd product} {ergonomic}
   size_t SoftMaxHeapSize                          = 1073741824                             {manageable} {ergonomic}
     intx TieredStopAtLevel                        = 1                                         {product} {command line}
     bool UseCompressedClassPointers               = true                           {product lp64_product} {ergonomic}
     bool UseCompressedOops                        = true                           {product lp64_product} {ergonomic}
     bool UseG1GC                                  = true                                      {product} {ergonomic}
     bool UseLargePagesIndividualAllocation        = false                                  {pd product} {ergonomic}

Logging:
Log output configuration:
 #0: stdout all=warning,jni+resolve=off uptime,level,tags
 #1: stderr all=off uptime,level,tags

Environment Variables:
JAVA_HOME=C:\Program Files\Java\jdk-17
PATH=C:\Program Files\Common Files\Oracle\Java\javapath;C:\Windows\system32;C:\Windows;C:\Windows\System32\Wbem;C:\Windows\System32\WindowsPowerShell\v1.0\;C:\Windows\System32\OpenSSH\;C:\Program Files\dotnet\;C:\Program Files (x86)\NVIDIA Corporation\PhysX\Common;C:\Program Files\NVIDIA Corporation\NVIDIA NvDLISR;C:\Program Files\Git\cmd;C:\Users\tranv\AppData\Roaming\nvm;C:\Program Files\nodejs;;C:\Program Files\Docker\Docker\resources\bin;C:\Program Files\nodejs\;C:\Program Files\MySQL\MySQL Shell 8.0\bin\;C:\Users\tranv\AppData\Local\Microsoft\WindowsApps;C:\Users\tranv\AppData\Local\Programs\Microsoft VS Code\bin;C:\Users\tranv\AppData\Roaming\nvm;C:\Program Files\nodejs;C:\Users\tranv\AppData\Roaming\npm
USERNAME=tranv
OS=Windows_NT
PROCESSOR_IDENTIFIER=Intel64 Family 6 Model 183 Stepping 1, GenuineIntel
TMP=C:\Users\tranv\AppData\Local\Temp
TEMP=C:\Users\tranv\AppData\Local\Temp



Periodic native trim disabled


---------------  S Y S T E M  ---------------

OS:
 Windows 11 , 64 bit Build 22621 (10.0.22621.3085)
OS uptime: 4 days 6:22 hours
Hyper-V role detected

CPU: total 20 (initial active 20) (10 cores per cpu, 2 threads per core) family 6 model 183 stepping 1 microcode 0x112, cx8, cmov, fxsr, ht, mmx, 3dnowpref, sse, sse2, sse3, ssse3, sse4.1, sse4.2, popcnt, lzcnt, tsc, tscinvbit, avx, avx2, aes, erms, clmul, bmi1, bmi2, adx, sha, fma, vzeroupper, clflush, clflushopt, clwb, hv
Processor Information for processor 0
  Max Mhz: 2600, Current Mhz: 2600, Mhz Limit: 2600
Processor Information for processor 1
  Max Mhz: 2600, Current Mhz: 2600, Mhz Limit: 2600
Processor Information for processor 2
  Max Mhz: 2600, Current Mhz: 2600, Mhz Limit: 2600
Processor Information for processor 3
  Max Mhz: 2600, Current Mhz: 2600, Mhz Limit: 2600
Processor Information for processor 4
  Max Mhz: 2600, Current Mhz: 2600, Mhz Limit: 2600
Processor Information for processor 5
  Max Mhz: 2600, Current Mhz: 2600, Mhz Limit: 2600
Processor Information for processor 6
  Max Mhz: 2600, Current Mhz: 2600, Mhz Limit: 2600
Processor Information for processor 7
  Max Mhz: 2600, Current Mhz: 2600, Mhz Limit: 2600
Processor Information for processor 8
  Max Mhz: 2600, Current Mhz: 2600, Mhz Limit: 2600
Processor Information for processor 9
  Max Mhz: 2600, Current Mhz: 2600, Mhz Limit: 2600
Processor Information for processor 10
  Max Mhz: 2600, Current Mhz: 2600, Mhz Limit: 2600
Processor Information for processor 11
  Max Mhz: 2600, Current Mhz: 2600, Mhz Limit: 2600
Processor Information for processor 12
  Max Mhz: 2600, Current Mhz: 1900, Mhz Limit: 1898
Processor Information for processor 13
  Max Mhz: 2600, Current Mhz: 1900, Mhz Limit: 1898
Processor Information for processor 14
  Max Mhz: 2600, Current Mhz: 1500, Mhz Limit: 1898
Processor Information for processor 15
  Max Mhz: 2600, Current Mhz: 1500, Mhz Limit: 1898
Processor Information for processor 16
  Max Mhz: 2600, Current Mhz: 1500, Mhz Limit: 1898
Processor Information for processor 17
  Max Mhz: 2600, Current Mhz: 1900, Mhz Limit: 1898
Processor Information for processor 18
  Max Mhz: 2600, Current Mhz: 1500, Mhz Limit: 1898
Processor Information for processor 19
  Max Mhz: 2600, Current Mhz: 1500, Mhz Limit: 1898

Memory: 4k page, system-wide physical 7876M (302M free)
TotalPageFile size 32452M (AvailPageFile size 35M)
current process WorkingSet (physical memory assigned to process): 32M, peak: 204M
current process commit charge ("private bytes"): 283M, peak: 285M

vm_info: OpenJDK 64-Bit Server VM (17.0.10+7) for windows-amd64 JRE (17.0.10+7), built on Jan 16 2024 23:25:11 by "admin" with MS VC++ 16.10 / 16.11 (VS2019)

END.
